<?xml version="1.0" encoding="utf-8"?><testsuites name="pytest tests"><testsuite name="pytest" errors="0" failures="0" skipped="0" tests="46" time="15.249" timestamp="2026-06-08T22:39:39.270386+00:00" hostname="agent-env-410df0c8-b9d1-4d90-8320-d556d794b604"><testcase classname="tests.test_balanced_pick_logic.TestBalancedMatchPick" name="test_lambdas_are_balanced" time="0.350" /><testcase classname="tests.test_balanced_pick_logic.TestBalancedMatchPick" name="test_pick_is_not_double_chance" time="0.028" /><testcase classname="tests.test_balanced_pick_logic.TestBalancedMatchPick" name="test_double_chance_not_in_top_3" time="0.028" /><testcase classname="tests.test_balanced_pick_logic.TestStrongHomeFavorite" name="test_lambdas_have_direction" time="0.033" /><testcase classname="tests.test_balanced_pick_logic.TestStrongHomeFavorite" name="test_pick_is_home_oriented" time="0.027" /><testcase classname="tests.test_balanced_pick_logic.TestStrongHomeFavorite" name="test_1X_not_penalized" time="0.031" /><testcase classname="tests.test_balanced_pick_logic.TestStrongAwayFavorite" name="test_lambdas_have_direction" time="0.029" /><testcase classname="tests.test_balanced_pick_logic.TestStrongAwayFavorite" name="test_pick_is_away_oriented" time="0.030" /><testcase classname="tests.test_balanced_pick_logic.TestStrongAwayFavorite" name="test_X2_not_penalized" time="0.028" /><testcase classname="tests.test_balanced_pick_logic.TestPredictEndpointRegression" name="test_predict_returns_valid_pick" time="4.831" /><testcase classname="tests.test_balanced_pick_logic.TestRankingShape" name="test_ranking_has_required_fields" time="0.027" /><testcase classname="tests.test_balanced_pick_logic.TestRankingShape" name="test_pick_is_top_of_ranking" time="0.026" /><testcase classname="tests.test_scoreblast_api" name="test_health" time="0.133" /><testcase classname="tests.test_scoreblast_api.TestUploadExcel" name="test_upload_full" time="0.149" /><testcase classname="tests.test_scoreblast_api.TestUploadExcel" name="test_upload_reupload_skipped" time="0.076" /><testcase classname="tests.test_scoreblast_api.TestUploadExcel" name="test_day_rollover" time="0.066" /><testcase classname="tests.test_scoreblast_api.TestUploadExcel" name="test_missing_required_odds_skipped" time="0.079" /><testcase classname="tests.test_scoreblast_api.TestUploadExcel" name="test_estimated_odds" time="0.142" /><testcase classname="tests.test_scoreblast_api.TestMatches" name="test_list_all" time="0.026" /><testcase classname="tests.test_scoreblast_api.TestMatches" name="test_filter_by_day" time="0.090" /><testcase classname="tests.test_scoreblast_api.TestMatches" name="test_filter_by_q" time="0.066" /><testcase classname="tests.test_scoreblast_api.TestMatches" name="test_get_one" time="0.093" /><testcase classname="tests.test_scoreblast_api.TestMatches" name="test_get_one_not_found" time="0.048" /><testcase classname="tests.test_scoreblast_api.TestPrediction" name="test_predict" time="4.598" /><testcase classname="tests.test_scoreblast_api.TestPrediction" name="test_predict_cached" time="0.137" /><testcase classname="tests.test_scoreblast_api.TestPrediction" name="test_get_match_with_prediction" time="0.093" /><testcase classname="tests.test_scoreblast_api.TestResults" name="test_set_single_result" time="0.204" /><testcase classname="tests.test_scoreblast_api.TestResults" name="test_set_result_not_found" time="0.069" /><testcase classname="tests.test_scoreblast_api.TestResults" name="test_bulk_results" time="0.166" /><testcase classname="tests.test_scoreblast_api.TestSelection" name="test_select_and_list" time="0.127" /><testcase classname="tests.test_scoreblast_api.TestSelection" name="test_clear_selection" time="0.132" /><testcase classname="tests.test_scoreblast_api.TestExportImport" name="test_export" time="0.029" /><testcase classname="tests.test_scoreblast_api.TestExportImport" name="test_import_incremental" time="0.096" /><testcase classname="tests.test_scoreblast_api.TestExportImport" name="test_import_new_match" time="0.132" /><testcase classname="tests.test_scoreblast_api.TestAiStudio" name="test_prompt_csv" time="0.237" /><testcase classname="tests.test_scoreblast_api.TestDeleteAll" name="test_delete_all" time="0.269" /><testcase classname="tests.test_upload_skipped_diagnostic.TestUploadSkippedDiagnostic" name="test_skipped_endpoint_clean_state" time="0.245" /><testcase classname="tests.test_upload_skipped_diagnostic.TestUploadSkippedDiagnostic" name="test_upload_response_shape" time="0.210" /><testcase classname="tests.test_upload_skipped_diagnostic.TestUploadSkippedDiagnostic" name="test_doubles_chance_only_missing_is_valid" time="0.289" /><testcase classname="tests.test_upload_skipped_diagnostic.TestUploadSkippedDiagnostic" name="test_missing_required_O25_is_skipped_with_reason" time="0.272" /><testcase classname="tests.test_upload_skipped_diagnostic.TestUploadSkippedDiagnostic" name="test_missing_teams_skipped_with_reason" time="0.279" /><testcase classname="tests.test_upload_skipped_diagnostic.TestUploadSkippedDiagnostic" name="test_required_odds_list_size_via_skipped" time="0.281" /><testcase classname="tests.test_upload_skipped_diagnostic.TestRegressionEndpoints" name="test_matches_days_endpoint" time="0.199" /><testcase classname="tests.test_upload_skipped_diagnostic.TestRegressionEndpoints" name="test_matches_filter_by_day" time="0.346" /><testcase classname="tests.test_upload_skipped_diagnostic.TestRegressionEndpoints" name="test_matches_selected_list" time="0.197" /><testcase classname="tests.test_upload_skipped_diagnostic.TestRegressionEndpoints" name="test_ml_stats" time="0.166" /></testsuite></testsuites>